D:\MainProjects\Examples\ImageStore\dist\out-tsc\ClientApp\app\app.component.js
D:\MainProjects\Examples\ImageStore\dist\out-tsc\ClientApp\app\app.component.js.map
D:\MainProjects\Examples\ImageStore\dist\out-tsc\ClientApp\app\shared\product.js
D:\MainProjects\Examples\ImageStore\dist\out-tsc\ClientApp\app\shared\product.js.map
D:\MainProjects\Examples\ImageStore\dist\out-tsc\ClientApp\app\shared\order.js
D:\MainProjects\Examples\ImageStore\dist\out-tsc\ClientApp\app\shared\order.js.map
D:\MainProjects\Examples\ImageStore\dist\out-tsc\ClientApp\app\shared\dataService.js
D:\MainProjects\Examples\ImageStore\dist\out-tsc\ClientApp\app\shared\dataService.js.map
D:\MainProjects\Examples\ImageStore\dist\out-tsc\ClientApp\app\shop\productList.component.js
D:\MainProjects\Examples\ImageStore\dist\out-tsc\ClientApp\app\shop\productList.component.js.map
D:\MainProjects\Examples\ImageStore\dist\out-tsc\ClientApp\app\shop\cart.component.js
D:\MainProjects\Examples\ImageStore\dist\out-tsc\ClientApp\app\shop\cart.component.js.map
D:\MainProjects\Examples\ImageStore\dist\out-tsc\ClientApp\app\shop\shop.component.js
D:\MainProjects\Examples\ImageStore\dist\out-tsc\ClientApp\app\shop\shop.component.js.map
D:\MainProjects\Examples\ImageStore\dist\out-tsc\ClientApp\app\checkout\checkout.component.js
D:\MainProjects\Examples\ImageStore\dist\out-tsc\ClientApp\app\checkout\checkout.component.js.map
D:\MainProjects\Examples\ImageStore\dist\out-tsc\ClientApp\app\login\login.component.js
D:\MainProjects\Examples\ImageStore\dist\out-tsc\ClientApp\app\login\login.component.js.map
D:\MainProjects\Examples\ImageStore\dist\out-tsc\ClientApp\app\app.module.js
D:\MainProjects\Examples\ImageStore\dist\out-tsc\ClientApp\app\app.module.js.map
D:\MainProjects\Examples\ImageStore\dist\out-tsc\ClientApp\environments\environment.js
D:\MainProjects\Examples\ImageStore\dist\out-tsc\ClientApp\environments\environment.js.map
D:\MainProjects\Examples\ImageStore\dist\out-tsc\ClientApp\main.js
D:\MainProjects\Examples\ImageStore\dist\out-tsc\ClientApp\main.js.map
D:\MainProjects\Examples\ImageStore\dist\out-tsc\ClientApp\polyfills.js
D:\MainProjects\Examples\ImageStore\dist\out-tsc\ClientApp\polyfills.js.map
D:\MainProjects\Examples\ImageStore\dist\out-tsc\ClientApp\test.js
D:\MainProjects\Examples\ImageStore\dist\out-tsc\ClientApp\test.js.map
D:\MainProjects\Examples\ImageStore\dist\out-tsc\ClientApp\environments\environment.prod.js
D:\MainProjects\Examples\ImageStore\dist\out-tsc\ClientApp\environments\environment.prod.js.map
D:\MainProjects\Examples\ImageStore\dist\out-tsc\wwwroot\ts\main.js
D:\MainProjects\Examples\ImageStore\dist\out-tsc\wwwroot\ts\main.js.map
D:\MainProjects\Examples\ImageStore\dist\out-tsc\wwwroot\ts\storecustomer.js
D:\MainProjects\Examples\ImageStore\dist\out-tsc\wwwroot\ts\storecustomer.js.map
